#
# A fatal error has been detected by the Java Runtime Environment:
#
#  SIGSEGV (0xb) at pc=0x00007fe4fabd3548, pid=6990, tid=0x00007fe4fc0df700
#
# JRE version: Java(TM) SE Runtime Environment (8.0_111-b14) (build 1.8.0_111-b14)
# Java VM: Java HotSpot(TM) 64-Bit Server VM (25.111-b14 mixed mode linux-amd64 compressed oops)
# Problematic frame:
# V  [libjvm.so+0x6e1548]  jni_GetStringUTFChars+0xb8
#
# Failed to write core dump. Core dumps have been disabled. To enable core dumping, try "ulimit -c unlimited" before starting Java again
#
# If you would like to submit a bug report, please visit:
#   http://bugreport.java.com/bugreport/crash.jsp
#

---------------  T H R E A D  ---------------

Current thread (0x00007fe4f400a800):  JavaThread "main" [_thread_in_vm, id=6994, stack(0x00007fe4fbfdf000,0x00007fe4fc0e0000)]

siginfo: si_signo: 11 (SIGSEGV), si_code: 1 (SEGV_MAPERR), si_addr: 0x0000000000000000

Registers:
RAX=0x00007fe4fb4a7af0, RBX=0x0000000000000000, RCX=0x00007fe4f400a9f8, RDX=0x00007fe4fb4b5f80
RSP=0x00007fe4fc0ddd60, RBP=0x00007fe4fc0dde00, RSI=0x00007fe4f400a800, RDI=0x00007fe4fc0ddda0
R8 =0x0000000000000000, R9 =0x0000000000000009, R10=0x00007fe4e5017a08, R11=0x00007fe4faeb4a70
R12=0x00007fe4f400a800, R13=0x00007fe4e4c2c6a0, R14=0x00007fe4fc0ddf78, R15=0x00007fe4fc0ddda0
RIP=0x00007fe4fabd3548, EFLAGS=0x0000000000010246, CSGSFS=0x0000000000000033, ERR=0x0000000000000004
  TRAPNO=0x000000000000000e

Top of Stack: (sp=0x00007fe4fc0ddd60)
0x00007fe4fc0ddd60:   00007fe4fc0dddf0 0000000000000000
0x00007fe4fc0ddd70:   00007fe4fc0ddf78 00007fe4fc0ddecf
0x00007fe4fc0ddd80:   00007fe4fb450af0 00007fe4fbf6b780
0x00007fe4fc0ddd90:   0000000000000014 00000000000003d8
0x00007fe4fc0ddda0:   00007fe4f400a800 0000000000000000
0x00007fe4fc0dddb0:   00007fe4e4c2c6a0 00007fe4f400a800
0x00007fe4fc0dddc0:   00007fe4f400a800 00007fe4fc0dde30
0x00007fe4fc0dddd0:   00007fe4fc0dde80 00007fe4e4c2c6a0
0x00007fe4fc0ddde0:   0000000000000000 00007fe4e4c2c6a0
0x00007fe4fc0dddf0:   00007fe4fc0ddf78 00007fe4f400a800
0x00007fe4fc0dde00:   00007fe4fc0ddf58 00007fe4a52c8752
0x00007fe4fc0dde10:   00007fe4fc0dde60 0000000000000000
0x00007fe4fc0dde20:   0000000000000000 00007fe4f400a9f8
0x00007fe4fc0dde30:   00007fe4e4c2c6a0 00007fe4a531ba6e
0x00007fe4fc0dde40:   00007fe4f400a800 0000000000000000
0x00007fe4fc0dde50:   00007fe4fc0ddf68 00007fe4f400a9f8
0x00007fe4fc0dde60:   00007fe4fc0ddef0 00007fe4fab7a93f
0x00007fe4fc0dde70:   00007fe4e4c2c6a0 00007fe4f400a800
0x00007fe4fc0dde80:   00007fe4e4c2c6a0 00007fe4f400a800
0x00007fe4fc0dde90:   00007fe4e4c2c6a0 00007fe4f400a800
0x00007fe4fc0ddea0:   0000000000000000 00007fe4e4c2c6a0
0x00007fe4fc0ddeb0:   00007fe4f400a800 00007fe4e4c2e9a8
0x00007fe4fc0ddec0:   00007fe4f400a800 00007fe4fab7559f
0x00007fe4fc0dded0:   00007fe4f400a800 00007fe4e4c2c6a0
0x00007fe4fc0ddee0:   0000000000000000 62dcb96bdcecea00
0x00007fe4fc0ddef0:   00007fe4e4c2c6a0 00007fe4fc0ddf58
0x00007fe4fc0ddf00:   0000000000000000 00007fe4e5017a34
0x00007fe4fc0ddf10:   00007fe4e5017782 00007fe4fc0ddf18
0x00007fe4fc0ddf20:   00007fe4e4c2c6a0 00007fe4fc0ddf78
0x00007fe4fc0ddf30:   00007fe4e4c2d988 0000000000000000
0x00007fe4fc0ddf40:   00007fe4e4c2c6a0 0000000000000000
0x00007fe4fc0ddf50:   00007fe4fc0ddf78 00007fe4fc0ddfd0 

Instructions: (pc=0x00007fe4fabd3548)
0x00007fe4fabd3528:   84 24 70 02 00 00 06 00 00 00 4c 89 e6 4c 89 65
0x00007fe4fabd3538:   c0 4c 89 ff e8 1f 01 01 00 48 8b 05 c8 c1 88 00
0x00007fe4fabd3548:   4c 8b 2b 8b 10 48 8b 05 f4 ed 88 00 80 38 00 0f
0x00007fe4fabd3558:   84 2b 01 00 00 48 63 c2 41 8b 54 05 00 85 d2 0f 

Register to memory mapping:

RAX=0x00007fe4fb4a7af0: <offset 0xfb5af0> in /home/clientrace/Programs/jdk1.8.0_111/jre/lib/amd64/server/libjvm.so at 0x00007fe4fa4f2000
RBX=0x0000000000000000 is an unknown value
RCX=0x00007fe4f400a9f8 is an unknown value
RDX=0x00007fe4fb4b5f80: <offset 0xfc3f80> in /home/clientrace/Programs/jdk1.8.0_111/jre/lib/amd64/server/libjvm.so at 0x00007fe4fa4f2000
RSP=0x00007fe4fc0ddd60 is pointing into the stack for thread: 0x00007fe4f400a800
RBP=0x00007fe4fc0dde00 is pointing into the stack for thread: 0x00007fe4f400a800
RSI=0x00007fe4f400a800 is a thread
RDI=0x00007fe4fc0ddda0 is pointing into the stack for thread: 0x00007fe4f400a800
R8 =0x0000000000000000 is an unknown value
R9 =0x0000000000000009 is an unknown value
R10=0x00007fe4e5017a08 is at code_begin+808 in an Interpreter codelet
method entry point (kind = native)  [0x00007fe4e50176e0, 0x00007fe4e5017fe0]  2304 bytes
R11=0x00007fe4faeb4a70: <offset 0x9c2a70> in /home/clientrace/Programs/jdk1.8.0_111/jre/lib/amd64/server/libjvm.so at 0x00007fe4fa4f2000
R12=0x00007fe4f400a800 is a thread
R13={method} {0x00007fe4e4c2c6a0} 'imread_1' '(Ljava/lang/String;)J' in 'org/opencv/imgcodecs/Imgcodecs'
R14=0x00007fe4fc0ddf78 is pointing into the stack for thread: 0x00007fe4f400a800
R15=0x00007fe4fc0ddda0 is pointing into the stack for thread: 0x00007fe4f400a800


Stack: [0x00007fe4fbfdf000,0x00007fe4fc0e0000],  sp=0x00007fe4fc0ddd60,  free space=1019k
Native frames: (J=compiled Java code, j=interpreted, Vv=VM code, C=native code)
V  [libjvm.so+0x6e1548]  jni_GetStringUTFChars+0xb8
C  [libopencv_java310.so+0x321752]  JNIEnv_::GetStringUTFChars(_jstring*, unsigned char*)+0x36
j  org.opencv.imgcodecs.Imgcodecs.imread(Ljava/lang/String;)Lorg/opencv/core/Mat;+5
j  input_manager.InputManCLI.execute_InputManager()V+216
j  system_manager.SystemManager.execute_SystemManager()V+72
j  main.Main.main([Ljava/lang/String;)V+27
v  ~StubRoutines::call_stub
V  [libjvm.so+0x690206]  JavaCalls::call_helper(JavaValue*, methodHandle*, JavaCallArguments*, Thread*)+0x1056
V  [libjvm.so+0x99af17]  Reflection::invoke(instanceKlassHandle, methodHandle, Handle, bool, objArrayHandle, BasicType, objArrayHandle, bool, Thread*)+0x5d7
V  [libjvm.so+0x99e627]  Reflection::invoke_method(oopDesc*, Handle, objArrayHandle, Thread*)+0x147
V  [libjvm.so+0x71b2ab]  JVM_InvokeMethod+0x26b
j  sun.reflect.NativeMethodAccessorImpl.invoke0(Ljava/lang/reflect/Method;Ljava/lang/Object;[Ljava/lang/Object;)Ljava/lang/Object;+0
j  sun.reflect.NativeMethodAccessorImpl.invoke(Ljava/lang/Object;[Ljava/lang/Object;)Ljava/lang/Object;+100
j  sun.reflect.DelegatingMethodAccessorImpl.invoke(Ljava/lang/Object;[Ljava/lang/Object;)Ljava/lang/Object;+6
j  java.lang.reflect.Method.invoke(Ljava/lang/Object;[Ljava/lang/Object;)Ljava/lang/Object;+56
j  com.intellij.rt.execution.application.AppMain.main([Ljava/lang/String;)V+170
v  ~StubRoutines::call_stub
V  [libjvm.so+0x690206]  JavaCalls::call_helper(JavaValue*, methodHandle*, JavaCallArguments*, Thread*)+0x1056
V  [libjvm.so+0x6d1612]  jni_invoke_static(JNIEnv_*, JavaValue*, _jobject*, JNICallType, _jmethodID*, JNI_ArgumentPusher*, Thread*)+0x362
V  [libjvm.so+0x6ede7a]  jni_CallStaticVoidMethod+0x17a
C  [libjli.so+0x7bdf]  JavaMain+0x81f
C  [libpthread.so.0+0x76fa]  start_thread+0xca

Java frames: (J=compiled Java code, j=interpreted, Vv=VM code)
j  org.opencv.imgcodecs.Imgcodecs.imread_1(Ljava/lang/String;)J+0
j  org.opencv.imgcodecs.Imgcodecs.imread(Ljava/lang/String;)Lorg/opencv/core/Mat;+5
j  input_manager.InputManCLI.execute_InputManager()V+216
j  system_manager.SystemManager.execute_SystemManager()V+72
j  main.Main.main([Ljava/lang/String;)V+27
v  ~StubRoutines::call_stub
j  sun.reflect.NativeMethodAccessorImpl.invoke0(Ljava/lang/reflect/Method;Ljava/lang/Object;[Ljava/lang/Object;)Ljava/lang/Object;+0
j  sun.reflect.NativeMethodAccessorImpl.invoke(Ljava/lang/Object;[Ljava/lang/Object;)Ljava/lang/Object;+100
j  sun.reflect.DelegatingMethodAccessorImpl.invoke(Ljava/lang/Object;[Ljava/lang/Object;)Ljava/lang/Object;+6
j  java.lang.reflect.Method.invoke(Ljava/lang/Object;[Ljava/lang/Object;)Ljava/lang/Object;+56
j  com.intellij.rt.execution.application.AppMain.main([Ljava/lang/String;)V+170
v  ~StubRoutines::call_stub

---------------  P R O C E S S  ---------------

Java Threads: ( => current thread )
  0x00007fe4900b4800 JavaThread "TimerQueue" daemon [_thread_blocked, id=7040, stack(0x00007fe4a2367000,0x00007fe4a2468000)]
  0x00007fe4f430c800 JavaThread "AWT-EventQueue-0" [_thread_blocked, id=7035, stack(0x00007fe4a2cfb000,0x00007fe4a2dfc000)]
  0x00007fe4f430a800 JavaThread "AWT-Shutdown" [_thread_blocked, id=7034, stack(0x00007fe4a2dfc000,0x00007fe4a2efd000)]
  0x00007fe4f42e9800 JavaThread "Image Fetcher 0" daemon [_thread_blocked, id=7033, stack(0x00007fe4a30fd000,0x00007fe4a31fe000)]
  0x00007fe4f42b7800 JavaThread "AWT-XAWT" daemon [_thread_in_native, id=7032, stack(0x00007fe4a31fe000,0x00007fe4a32ff000)]
  0x00007fe4f4298800 JavaThread "Java2D Disposer" daemon [_thread_blocked, id=7031, stack(0x00007fe4a370f000,0x00007fe4a3810000)]
  0x00007fe4f413d000 JavaThread "Monitor Ctrl-Break" daemon [_thread_in_native, id=7024, stack(0x00007fe4d4d46000,0x00007fe4d4e47000)]
  0x00007fe4f40d2800 JavaThread "Service Thread" daemon [_thread_blocked, id=7016, stack(0x00007fe4d514a000,0x00007fe4d524b000)]
  0x00007fe4f40bd800 JavaThread "C1 CompilerThread2" daemon [_thread_blocked, id=7015, stack(0x00007fe4d524b000,0x00007fe4d534c000)]
  0x00007fe4f40bc000 JavaThread "C2 CompilerThread1" daemon [_thread_blocked, id=7014, stack(0x00007fe4d534c000,0x00007fe4d544d000)]
  0x00007fe4f40b9000 JavaThread "C2 CompilerThread0" daemon [_thread_blocked, id=7013, stack(0x00007fe4d544d000,0x00007fe4d554e000)]
  0x00007fe4f40b7800 JavaThread "Signal Dispatcher" daemon [_thread_blocked, id=7012, stack(0x00007fe4d554e000,0x00007fe4d564f000)]
  0x00007fe4f4084800 JavaThread "Finalizer" daemon [_thread_blocked, id=7010, stack(0x00007fe4d5927000,0x00007fe4d5a28000)]
  0x00007fe4f4080000 JavaThread "Reference Handler" daemon [_thread_blocked, id=7009, stack(0x00007fe4d5a28000,0x00007fe4d5b29000)]
=>0x00007fe4f400a800 JavaThread "main" [_thread_in_vm, id=6994, stack(0x00007fe4fbfdf000,0x00007fe4fc0e0000)]

Other Threads:
  0x00007fe4f4078800 VMThread [stack: 0x00007fe4d5b29000,0x00007fe4d5c2a000] [id=7007]
  0x00007fe4f40d5800 WatcherThread [stack: 0x00007fe4d5049000,0x00007fe4d514a000] [id=7017]

VM state:not at safepoint (normal execution)

VM Mutex/Monitor currently owned by a thread: None

Heap:
 PSYoungGen      total 17920K, used 8918K [0x00000000ec200000, 0x00000000ed600000, 0x0000000100000000)
  eden space 15360K, 58% used [0x00000000ec200000,0x00000000ecab5970,0x00000000ed100000)
  from space 2560K, 0% used [0x00000000ed380000,0x00000000ed380000,0x00000000ed600000)
  to   space 2560K, 0% used [0x00000000ed100000,0x00000000ed100000,0x00000000ed380000)
 ParOldGen       total 40960K, used 0K [0x00000000c4600000, 0x00000000c6e00000, 0x00000000ec200000)
  object space 40960K, 0% used [0x00000000c4600000,0x00000000c4600000,0x00000000c6e00000)
 Metaspace       used 14081K, capacity 14270K, committed 14464K, reserved 1062912K
  class space    used 1809K, capacity 1902K, committed 1920K, reserved 1048576K

Card table byte_map: [0x00007fe4f8bae000,0x00007fe4f8d8c000] byte_map_base: 0x00007fe4f858b000

Marking Bits: (ParMarkBitMap*) 0x00007fe4fb4b5220
 Begin Bits: [0x00007fe4d6230000, 0x00007fe4d7118000)
 End Bits:   [0x00007fe4d7118000, 0x00007fe4d8000000)

Polling page: 0x00007fe4fc104000

CodeCache: size=245760Kb used=2524Kb max_used=2537Kb free=243235Kb
 bounds [0x00007fe4e5000000, 0x00007fe4e5280000, 0x00007fe4f4000000]
 total_blobs=1271 nmethods=648 adapters=537
 compilation: enabled

Compilation events (10 events):
Event: 4.375 Thread 0x00007fe4f40bd800 nmethod 634 0x00007fe4e5264210 code [0x00007fe4e52643a0, 0x00007fe4e5264838]
Event: 4.375 Thread 0x00007fe4f40bd800  637  s    3       java.awt.KeyboardFocusManager::getCurrentKeyboardFocusManager (32 bytes)
Event: 4.375 Thread 0x00007fe4f40bd800 nmethod 637 0x00007fe4e5264990 code [0x00007fe4e5264b40, 0x00007fe4e5265128]
Event: 4.375 Thread 0x00007fe4f40bd800  638       3       java.awt.KeyboardFocusManager::getCurrentKeyboardFocusManager (7 bytes)
Event: 4.376 Thread 0x00007fe4f40bd800 nmethod 638 0x00007fe4e52652d0 code [0x00007fe4e5265480, 0x00007fe4e5265b18]
Event: 4.376 Thread 0x00007fe4f40bd800  635       3       java.awt.Component::isMixingNeeded (269 bytes)
Event: 4.377 Thread 0x00007fe4f40b9000  640   !   4       sun.awt.AppContext::get (123 bytes)
Event: 4.382 Thread 0x00007fe4f40bc000  643       4       sun.nio.cs.UTF_8$Encoder::encode (359 bytes)
Event: 4.385 Thread 0x00007fe4f40bd800 nmethod 635 0x00007fe4e5266750 code [0x00007fe4e5266ee0, 0x00007fe4e526c998]
Event: 4.385 Thread 0x00007fe4f40bd800  642   !   3       sun.misc.URLClassPath$JarLoader::getResource (85 bytes)

GC Heap History (0 events):
No events

Deoptimization events (6 events):
Event: 3.561 Thread 0x00007fe4f400a800 Uncommon trap: reason=unstable_if action=reinterpret pc=0x00007fe4e521a7c0 method=java.lang.AbstractStringBuilder.append(Ljava/lang/String;)Ljava/lang/AbstractStringBuilder; @ 1
Event: 3.562 Thread 0x00007fe4f400a800 Uncommon trap: reason=unstable_if action=reinterpret pc=0x00007fe4e5211b10 method=java.lang.AbstractStringBuilder.append(Ljava/lang/String;)Ljava/lang/AbstractStringBuilder; @ 1
Event: 3.594 Thread 0x00007fe4f400a800 Uncommon trap: reason=class_check action=maybe_recompile pc=0x00007fe4e51868b0 method=java.lang.String.equals(Ljava/lang/Object;)Z @ 8
Event: 3.596 Thread 0x00007fe4f400a800 Uncommon trap: reason=class_check action=maybe_recompile pc=0x00007fe4e51868b0 method=java.lang.String.equals(Ljava/lang/Object;)Z @ 8
Event: 3.596 Thread 0x00007fe4f400a800 Uncommon trap: reason=class_check action=maybe_recompile pc=0x00007fe4e51868b0 method=java.lang.String.equals(Ljava/lang/Object;)Z @ 8
Event: 3.596 Thread 0x00007fe4f400a800 Uncommon trap: reason=class_check action=maybe_recompile pc=0x00007fe4e51868b0 method=java.lang.String.equals(Ljava/lang/Object;)Z @ 8

Internal exceptions (10 events):
Event: 0.145 Thread 0x00007fe4f400a800 Exception <a 'java/security/PrivilegedActionException'> (0x00000000ec3ce298) thrown at [/HUDSON3/workspace/8-2-build-linux-amd64/jdk8u111/7883/hotspot/src/share/vm/prims/jvm.cpp, line 1386]
Event: 0.145 Thread 0x00007fe4f400a800 Exception <a 'java/security/PrivilegedActionException'> (0x00000000ec3d0f58) thrown at [/HUDSON3/workspace/8-2-build-linux-amd64/jdk8u111/7883/hotspot/src/share/vm/prims/jvm.cpp, line 1386]
Event: 0.145 Thread 0x00007fe4f400a800 Exception <a 'java/security/PrivilegedActionException'> (0x00000000ec3d1350) thrown at [/HUDSON3/workspace/8-2-build-linux-amd64/jdk8u111/7883/hotspot/src/share/vm/prims/jvm.cpp, line 1386]
Event: 3.392 Thread 0x00007fe4f400a800 Exception <a 'java/lang/NoSuchFieldError': method resolution failed> (0x00000000ec4be1a8) thrown at [/HUDSON3/workspace/8-2-build-linux-amd64/jdk8u111/7883/hotspot/src/share/vm/prims/methodHandles.cpp, line 1146]
Event: 3.393 Thread 0x00007fe4f400a800 Exception <a 'java/lang/NoSuchFieldError': method resolution failed> (0x00000000ec4cb978) thrown at [/HUDSON3/workspace/8-2-build-linux-amd64/jdk8u111/7883/hotspot/src/share/vm/prims/methodHandles.cpp, line 1146]
Event: 3.407 Thread 0x00007fe4f400a800 Exception <a 'java/io/FileNotFoundException'> (0x00000000ec549198) thrown at [/HUDSON3/workspace/8-2-build-linux-amd64/jdk8u111/7883/hotspot/src/share/vm/prims/jni.cpp, line 709]
Event: 3.407 Thread 0x00007fe4f400a800 Exception <a 'java/io/FileNotFoundException'> (0x00000000ec549be0) thrown at [/HUDSON3/workspace/8-2-build-linux-amd64/jdk8u111/7883/hotspot/src/share/vm/prims/jni.cpp, line 709]
Event: 3.561 Thread 0x00007fe4f400a800 Implicit null exception at 0x00007fe4e521a3f5 to 0x00007fe4e521a7ad
Event: 3.562 Thread 0x00007fe4f400a800 Implicit null exception at 0x00007fe4e5211736 to 0x00007fe4e5211af9
Event: 3.703 Thread 0x00007fe4f430c800 Exception <a 'java/lang/UnsupportedOperationException': > (0x00000000eca1c3f0) thrown at [/HUDSON3/workspace/8-2-build-linux-amd64/jdk8u111/7883/hotspot/src/share/vm/prims/jni.cpp, line 735]

Events (10 events):
Event: 4.378 loading class java/awt/LightweightDispatcher$2
Event: 4.378 loading class java/awt/LightweightDispatcher$2 done
Event: 4.378 loading class java/awt/Component$FlipBufferStrategy
Event: 4.378 loading class java/awt/Component$FlipBufferStrategy done
Event: 4.381 loading class org/opencv/imgcodecs/Imgcodecs
Event: 4.381 loading class org/opencv/imgcodecs/Imgcodecs done
Event: 4.382 loading class org/opencv/core/MatOfByte
Event: 4.382 loading class org/opencv/core/MatOfByte done
Event: 4.386 loading class sun/awt/X11/XErrorEvent
Event: 4.386 loading class sun/awt/X11/XErrorEvent done


Dynamic libraries:
00400000-00401000 r-xp 00000000 08:08 8129544                            /home/clientrace/Programs/jdk1.8.0_111/bin/java
00600000-00601000 rw-p 00000000 08:08 8129544                            /home/clientrace/Programs/jdk1.8.0_111/bin/java
0240c000-0242d000 rw-p 00000000 00:00 0                                  [heap]
c4600000-c6e00000 rw-p 00000000 00:00 0 
c6e00000-ec200000 ---p 00000000 00:00 0 
ec200000-ed600000 rw-p 00000000 00:00 0 
ed600000-100000000 ---p 00000000 00:00 0 
100000000-1001e0000 rw-p 00000000 00:00 0 
1001e0000-140000000 ---p 00000000 00:00 0 
7fe484000000-7fe484021000 rw-p 00000000 00:00 0 
7fe484021000-7fe488000000 ---p 00000000 00:00 0 
7fe488000000-7fe488021000 rw-p 00000000 00:00 0 
7fe488021000-7fe48c000000 ---p 00000000 00:00 0 
7fe48c000000-7fe48c021000 rw-p 00000000 00:00 0 
7fe48c021000-7fe490000000 ---p 00000000 00:00 0 
7fe490000000-7fe490185000 rw-p 00000000 00:00 0 
7fe490185000-7fe494000000 ---p 00000000 00:00 0 
7fe494000000-7fe494021000 rw-p 00000000 00:00 0 
7fe494021000-7fe498000000 ---p 00000000 00:00 0 
7fe498000000-7fe498021000 rw-p 00000000 00:00 0 
7fe498021000-7fe49c000000 ---p 00000000 00:00 0 
7fe49c000000-7fe49c021000 rw-p 00000000 00:00 0 
7fe49c021000-7fe4a0000000 ---p 00000000 00:00 0 
7fe4a2167000-7fe4a21a7000 rw-p 00000000 00:00 0 
7fe4a21a7000-7fe4a2367000 ---p 00000000 00:00 0 
7fe4a2367000-7fe4a236a000 ---p 00000000 00:00 0 
7fe4a236a000-7fe4a2468000 rwxp 00000000 00:00 0 
7fe4a2468000-7fe4a246b000 ---p 00000000 00:00 0 
7fe4a246b000-7fe4a2569000 rwxp 00000000 00:00 0 
7fe4a2569000-7fe4a256c000 ---p 00000000 00:00 0 
7fe4a256c000-7fe4a266a000 rwxp 00000000 00:00 0 
7fe4a266a000-7fe4a286a000 rw-p 00000000 00:00 0 
7fe4a286a000-7fe4a28d3000 r-xp 00000000 08:08 8129685                    /home/clientrace/Programs/jdk1.8.0_111/jre/lib/amd64/libt2k.so
7fe4a28d3000-7fe4a2ad3000 ---p 00069000 08:08 8129685                    /home/clientrace/Programs/jdk1.8.0_111/jre/lib/amd64/libt2k.so
7fe4a2ad3000-7fe4a2ada000 rw-p 00069000 08:08 8129685                    /home/clientrace/Programs/jdk1.8.0_111/jre/lib/amd64/libt2k.so
7fe4a2ada000-7fe4a2aea000 rw-p 00000000 00:00 0 
7fe4a2aea000-7fe4a2afb000 r-xp 00000000 08:08 8129653                    /home/clientrace/Programs/jdk1.8.0_111/jre/lib/amd64/libnio.so
7fe4a2afb000-7fe4a2cfa000 ---p 00011000 08:08 8129653                    /home/clientrace/Programs/jdk1.8.0_111/jre/lib/amd64/libnio.so
7fe4a2cfa000-7fe4a2cfb000 rw-p 00010000 08:08 8129653                    /home/clientrace/Programs/jdk1.8.0_111/jre/lib/amd64/libnio.so
7fe4a2cfb000-7fe4a2cfe000 ---p 00000000 00:00 0 
7fe4a2cfe000-7fe4a2dfc000 rwxp 00000000 00:00 0 
7fe4a2dfc000-7fe4a2dff000 ---p 00000000 00:00 0 
7fe4a2dff000-7fe4a2efd000 rwxp 00000000 00:00 0 
7fe4a2efd000-7fe4a30fd000 rw-p 00000000 00:00 0 
7fe4a30fd000-7fe4a3100000 ---p 00000000 00:00 0 
7fe4a3100000-7fe4a31fe000 rwxp 00000000 00:00 0 
7fe4a31fe000-7fe4a3201000 ---p 00000000 00:00 0 
7fe4a3201000-7fe4a32ff000 rwxp 00000000 00:00 0 
7fe4a32ff000-7fe4a3304000 r-xp 00000000 08:08 270877                     /usr/lib/x86_64-linux-gnu/libXfixes.so.3.1.0
7fe4a3304000-7fe4a3503000 ---p 00005000 08:08 270877                     /usr/lib/x86_64-linux-gnu/libXfixes.so.3.1.0
7fe4a3503000-7fe4a3504000 r--p 00004000 08:08 270877                     /usr/lib/x86_64-linux-gnu/libXfixes.so.3.1.0
7fe4a3504000-7fe4a3505000 rw-p 00005000 08:08 270877                     /usr/lib/x86_64-linux-gnu/libXfixes.so.3.1.0
7fe4a3505000-7fe4a350e000 r-xp 00000000 08:08 270869                     /usr/lib/x86_64-linux-gnu/libXcursor.so.1.0.2
7fe4a350e000-7fe4a370d000 ---p 00009000 08:08 270869                     /usr/lib/x86_64-linux-gnu/libXcursor.so.1.0.2
7fe4a370d000-7fe4a370e000 r--p 00008000 08:08 270869                     /usr/lib/x86_64-linux-gnu/libXcursor.so.1.0.2
7fe4a370e000-7fe4a370f000 rw-p 00009000 08:08 270869                     /usr/lib/x86_64-linux-gnu/libXcursor.so.1.0.2
7fe4a370f000-7fe4a3712000 ---p 00000000 00:00 0 
7fe4a3712000-7fe4a3810000 rwxp 00000000 00:00 0 
7fe4a3810000-7fe4a3875000 r-xp 00000000 08:08 8129647                    /home/clientrace/Programs/jdk1.8.0_111/jre/lib/amd64/libfontmanager.so
7fe4a3875000-7fe4a3a74000 ---p 00065000 08:08 8129647                    /home/clientrace/Programs/jdk1.8.0_111/jre/lib/amd64/libfontmanager.so
7fe4a3a74000-7fe4a3a79000 rw-p 00064000 08:08 8129647                    /home/clientrace/Programs/jdk1.8.0_111/jre/lib/amd64/libfontmanager.so
7fe4a3a79000-7fe4a3a89000 rw-p 00000000 00:00 0 
7fe4a3a89000-7fe4a3a8e000 r-xp 00000000 08:08 270873                     /usr/lib/x86_64-linux-gnu/libXdmcp.so.6.0.0
7fe4a3a8e000-7fe4a3c8d000 ---p 00005000 08:08 270873                     /usr/lib/x86_64-linux-gnu/libXdmcp.so.6.0.0
7fe4a3c8d000-7fe4a3c8e000 r--p 00004000 08:08 270873                     /usr/lib/x86_64-linux-gnu/libXdmcp.so.6.0.0
7fe4a3c8e000-7fe4a3c8f000 rw-p 00005000 08:08 270873                     /usr/lib/x86_64-linux-gnu/libXdmcp.so.6.0.0
7fe4a3c8f000-7fe4a3c91000 r-xp 00000000 08:08 270862                     /usr/lib/x86_64-linux-gnu/libXau.so.6.0.0
7fe4a3c91000-7fe4a3e91000 ---p 00002000 08:08 270862                     /usr/lib/x86_64-linux-gnu/libXau.so.6.0.0
7fe4a3e91000-7fe4a3e92000 r--p 00002000 08:08 270862                     /usr/lib/x86_64-linux-gnu/libXau.so.6.0.0
7fe4a3e92000-7fe4a3e93000 rw-p 00003000 08:08 270862                     /usr/lib/x86_64-linux-gnu/libXau.so.6.0.0
7fe4a3e93000-7fe4a3eb4000 r-xp 00000000 08:08 272282                     /usr/lib/x86_64-linux-gnu/libxcb.so.1.1.0
7fe4a3eb4000-7fe4a40b3000 ---p 00021000 08:08 272282                     /usr/lib/x86_64-linux-gnu/libxcb.so.1.1.0
7fe4a40b3000-7fe4a40b4000 r--p 00020000 08:08 272282                     /usr/lib/x86_64-linux-gnu/libxcb.so.1.1.0
7fe4a40b4000-7fe4a40b5000 rw-p 00021000 08:08 272282                     /usr/lib/x86_64-linux-gnu/libxcb.so.1.1.0
7fe4a40b5000-7fe4a40c4000 r-xp 00000000 08:08 270883                     /usr/lib/x86_64-linux-gnu/libXi.so.6.1.0
7fe4a40c4000-7fe4a42c3000 ---p 0000f000 08:08 270883                     /usr/lib/x86_64-linux-gnu/libXi.so.6.1.0
7fe4a42c3000-7fe4a42c4000 r--p 0000e000 08:08 270883                     /usr/lib/x86_64-linux-gnu/libXi.so.6.1.0
7fe4a42c4000-7fe4a42c5000 rw-p 0000f000 08:08 270883                     /usr/lib/x86_64-linux-gnu/libXi.so.6.1.0
7fe4a42c5000-7fe4a42ca000 r-xp 00000000 08:08 270901                     /usr/lib/x86_64-linux-gnu/libXtst.so.6.1.0
7fe4a42ca000-7fe4a44c9000 ---p 00005000 08:08 270901                     /usr/lib/x86_64-linux-gnu/libXtst.so.6.1.0
7fe4a44c9000-7fe4a44ca000 r--p 00004000 08:08 270901                     /usr/lib/x86_64-linux-gnu/libXtst.so.6.1.0
7fe4a44ca000-7fe4a44cb000 rw-p 00005000 08:08 270901                     /usr/lib/x86_64-linux-gnu/libXtst.so.6.1.0
7fe4a44cb000-7fe4a44d4000 r-xp 00000000 08:08 270895                     /usr/lib/x86_64-linux-gnu/libXrender.so.1.3.0
7fe4a44d4000-7fe4a46d3000 ---p 00009000 08:08 270895                     /usr/lib/x86_64-linux-gnu/libXrender.so.1.3.0
7fe4a46d3000-7fe4a46d4000 r--p 00008000 08:08 270895                     /usr/lib/x86_64-linux-gnu/libXrender.so.1.3.0
7fe4a46d4000-7fe4a46d5000 rw-p 00009000 08:08 270895                     /usr/lib/x86_64-linux-gnu/libXrender.so.1.3.0
7fe4a46d5000-7fe4a480a000 r-xp 00000000 08:08 270858                     /usr/lib/x86_64-linux-gnu/libX11.so.6.3.0
7fe4a480a000-7fe4a4a0a000 ---p 00135000 08:08 270858                     /usr/lib/x86_64-linux-gnu/libX11.so.6.3.0
7fe4a4a0a000-7fe4a4a0b000 r--p 00135000 08:08 270858                     /usr/lib/x86_64-linux-gnu/libX11.so.6.3.0
7fe4a4a0b000-7fe4a4a0f000 rw-p 00136000 08:08 270858                     /usr/lib/x86_64-linux-gnu/libX11.so.6.3.0
7fe4a4a0f000-7fe4a4a25000 r-xp 00000000 08:08 791149                     /lib/x86_64-linux-gnu/libgcc_s.so.1
7fe4a4a25000-7fe4a4c24000 ---p 00016000 08:08 791149                     /lib/x86_64-linux-gnu/libgcc_s.so.1
7fe4a4c24000-7fe4a4c25000 rw-p 00015000 08:08 791149                     /lib/x86_64-linux-gnu/libgcc_s.so.1
7fe4a4c25000-7fe4a4d97000 r-xp 00000000 08:08 272065                     /usr/lib/x86_64-linux-gnu/libstdc++.so.6.0.21
7fe4a4d97000-7fe4a4f97000 ---p 00172000 08:08 272065                     /usr/lib/x86_64-linux-gnu/libstdc++.so.6.0.21
7fe4a4f97000-7fe4a4fa1000 r--p 00172000 08:08 272065                     /usr/lib/x86_64-linux-gnu/libstdc++.so.6.0.21
7fe4a4fa1000-7fe4a4fa3000 rw-p 0017c000 08:08 272065                     /usr/lib/x86_64-linux-gnu/libstdc++.so.6.0.21
7fe4a4fa3000-7fe4a4fa7000 rw-p 00000000 00:00 0 
7fe4a4fa7000-7fe4a7cd1000 r-xp 00000000 08:08 8394187                    /home/clientrace/Libraries/opencv-3.1.0/build/lib/libopencv_java310.so
7fe4a7cd1000-7fe4a7ed1000 ---p 02d2a000 08:08 8394187                    /home/clientrace/Libraries/opencv-3.1.0/build/lib/libopencv_java310.so
7fe4a7ed1000-7fe4a7ef4000 r--p 02d2a000 08:08 8394187                    /home/clientrace/Libraries/opencv-3.1.0/build/lib/libopencv_java310.so
7fe4a7ef4000-7fe4a7f5a000 rw-p 02d4d000 08:08 8394187                    /home/clientrace/Libraries/opencv-3.1.0/build/lib/libopencv_java310.so
7fe4a7f5a000-7fe4a8000000 rw-p 00000000 00:00 0 
7fe4a8000000-7fe4a8021000 rw-p 00000000 00:00 0 
7fe4a8021000-7fe4ac000000 ---p 00000000 00:00 0 
7fe4ac000000-7fe4ac021000 rw-p 00000000 00:00 0 
7fe4ac021000-7fe4b0000000 ---p 00000000 00:00 0 
7fe4b0000000-7fe4b021a000 rw-p 00000000 00:00 0 
7fe4b021a000-7fe4b4000000 ---p 00000000 00:00 0 
7fe4b4000000-7fe4b4021000 rw-p 00000000 00:00 0 
7fe4b4021000-7fe4b8000000 ---p 00000000 00:00 0 
7fe4b8000000-7fe4b812d000 rw-p 00000000 00:00 0 
7fe4b812d000-7fe4bc000000 ---p 00000000 00:00 0 
7fe4bc000000-7fe4bc03e000 rw-p 00000000 00:00 0 
7fe4bc03e000-7fe4c0000000 ---p 00000000 00:00 0 
7fe4c0000000-7fe4c0021000 rw-p 00000000 00:00 0 
7fe4c0021000-7fe4c4000000 ---p 00000000 00:00 0 
7fe4c4000000-7fe4c4021000 rw-p 00000000 00:00 0 
7fe4c4021000-7fe4c8000000 ---p 00000000 00:00 0 
7fe4c8000000-7fe4c8091000 rw-p 00000000 00:00 0 
7fe4c8091000-7fe4cc000000 ---p 00000000 00:00 0 
7fe4cc000000-7fe4cc021000 rw-p 00000000 00:00 0 
7fe4cc021000-7fe4d0000000 ---p 00000000 00:00 0 
7fe4d0000000-7fe4d0021000 rw-p 00000000 00:00 0 
7fe4d0021000-7fe4d4000000 ---p 00000000 00:00 0 
7fe4d40f1000-7fe4d4102000 r-xp 00000000 08:08 270875                     /usr/lib/x86_64-linux-gnu/libXext.so.6.4.0
7fe4d4102000-7fe4d4301000 ---p 00011000 08:08 270875                     /usr/lib/x86_64-linux-gnu/libXext.so.6.4.0
7fe4d4301000-7fe4d4302000 r--p 00010000 08:08 270875                     /usr/lib/x86_64-linux-gnu/libXext.so.6.4.0
7fe4d4302000-7fe4d4303000 rw-p 00011000 08:08 270875                     /usr/lib/x86_64-linux-gnu/libXext.so.6.4.0
7fe4d4303000-7fe4d4357000 r-xp 00000000 08:08 8129655                    /home/clientrace/Programs/jdk1.8.0_111/jre/lib/amd64/libawt_xawt.so
7fe4d4357000-7fe4d4557000 ---p 00054000 08:08 8129655                    /home/clientrace/Programs/jdk1.8.0_111/jre/lib/amd64/libawt_xawt.so
7fe4d4557000-7fe4d455b000 rw-p 00054000 08:08 8129655                    /home/clientrace/Programs/jdk1.8.0_111/jre/lib/amd64/libawt_xawt.so
7fe4d455b000-7fe4d455c000 rw-p 00000000 00:00 0 
7fe4d455c000-7fe4d45fe000 r-xp 00000000 08:08 8129688                    /home/clientrace/Programs/jdk1.8.0_111/jre/lib/amd64/libawt.so
7fe4d45fe000-7fe4d47fe000 ---p 000a2000 08:08 8129688                    /home/clientrace/Programs/jdk1.8.0_111/jre/lib/amd64/libawt.so
7fe4d47fe000-7fe4d480a000 rw-p 000a2000 08:08 8129688                    /home/clientrace/Programs/jdk1.8.0_111/jre/lib/amd64/libawt.so
7fe4d480a000-7fe4d4b2f000 rw-p 00000000 00:00 0 
7fe4d4b2f000-7fe4d4b45000 r-xp 00000000 08:08 8129628                    /home/clientrace/Programs/jdk1.8.0_111/jre/lib/amd64/libnet.so
7fe4d4b45000-7fe4d4d45000 ---p 00016000 08:08 8129628                    /home/clientrace/Programs/jdk1.8.0_111/jre/lib/amd64/libnet.so
7fe4d4d45000-7fe4d4d46000 rw-p 00016000 08:08 8129628                    /home/clientrace/Programs/jdk1.8.0_111/jre/lib/amd64/libnet.so
7fe4d4d46000-7fe4d4d49000 ---p 00000000 00:00 0 
7fe4d4d49000-7fe4d4e47000 rwxp 00000000 00:00 0 
7fe4d4e47000-7fe4d4e48000 r-xp 00000000 08:08 8131863                    /home/clientrace/Programs/idea-IC-162.2228.15/bin/libbreakgen64.so
7fe4d4e48000-7fe4d5047000 ---p 00001000 08:08 8131863                    /home/clientrace/Programs/idea-IC-162.2228.15/bin/libbreakgen64.so
7fe4d5047000-7fe4d5048000 r--p 00000000 08:08 8131863                    /home/clientrace/Programs/idea-IC-162.2228.15/bin/libbreakgen64.so
7fe4d5048000-7fe4d5049000 rw-p 00001000 08:08 8131863                    /home/clientrace/Programs/idea-IC-162.2228.15/bin/libbreakgen64.so
7fe4d5049000-7fe4d504a000 ---p 00000000 00:00 0 
7fe4d504a000-7fe4d514a000 rwxp 00000000 00:00 0 
7fe4d514a000-7fe4d514d000 ---p 00000000 00:00 0 
7fe4d514d000-7fe4d524b000 rwxp 00000000 00:00 0 
7fe4d524b000-7fe4d524e000 ---p 00000000 00:00 0 
7fe4d524e000-7fe4d534c000 rwxp 00000000 00:00 0 
7fe4d534c000-7fe4d534f000 ---p 00000000 00:00 0 
7fe4d534f000-7fe4d544d000 rwxp 00000000 00:00 0 
7fe4d544d000-7fe4d5450000 ---p 00000000 00:00 0 
7fe4d5450000-7fe4d554e000 rwxp 00000000 00:00 0 
7fe4d554e000-7fe4d5551000 ---p 00000000 00:00 0 
7fe4d5551000-7fe4d564f000 rwxp 00000000 00:00 0 
7fe4d564f000-7fe4d5927000 r--p 00000000 08:08 269508                     /usr/lib/locale/locale-archive
7fe4d5927000-7fe4d592a000 ---p 00000000 00:00 0 
7fe4d592a000-7fe4d5a28000 rwxp 00000000 00:00 0 
7fe4d5a28000-7fe4d5a2b000 ---p 00000000 00:00 0 
7fe4d5a2b000-7fe4d5b29000 rwxp 00000000 00:00 0 
7fe4d5b29000-7fe4d5b2a000 ---p 00000000 00:00 0 
7fe4d5b2a000-7fe4d5c2a000 rwxp 00000000 00:00 0 
7fe4d5c2a000-7fe4d8000000 rw-p 00000000 00:00 0 
7fe4d8000000-7fe4d8021000 rw-p 00000000 00:00 0 
7fe4d8021000-7fe4dc000000 ---p 00000000 00:00 0 
7fe4dc000000-7fe4dc021000 rw-p 00000000 00:00 0 
7fe4dc021000-7fe4e0000000 ---p 00000000 00:00 0 
7fe4e0000000-7fe4e0021000 rw-p 00000000 00:00 0 
7fe4e0021000-7fe4e4000000 ---p 00000000 00:00 0 
7fe4e4031000-7fe4e4036000 r--s 002f9000 08:08 8129573                    /home/clientrace/Programs/jdk1.8.0_111/jre/lib/charsets.jar
7fe4e4036000-7fe4e4038000 r--s 0001e000 08:08 8130121                    /home/clientrace/Programs/idea-IC-162.2228.15/lib/idea_rt.jar
7fe4e4038000-7fe4e403d000 r--s 00048000 08:08 8394184                    /home/clientrace/Libraries/opencv-3.1.0/build/bin/opencv-310.jar
7fe4e403d000-7fe4e4050000 r--s 00345000 08:08 8129852                    /home/clientrace/Programs/jdk1.8.0_111/jre/lib/resources.jar
7fe4e4050000-7fe4e4062000 r--s 000d6000 08:08 8129851                    /home/clientrace/Programs/jdk1.8.0_111/jre/lib/plugin.jar
7fe4e4062000-7fe4e4066000 r--s 00097000 08:08 8129572                    /home/clientrace/Programs/jdk1.8.0_111/jre/lib/jsse.jar
7fe4e4066000-7fe4e406b000 r--s 00084000 08:08 8129727                    /home/clientrace/Programs/jdk1.8.0_111/jre/lib/jfr.jar
7fe4e406b000-7fe4e4075000 r--s 0006c000 08:08 8129735                    /home/clientrace/Programs/jdk1.8.0_111/jre/lib/javaws.jar
7fe4e4075000-7fe4e5000000 rw-p 00000000 00:00 0 
7fe4e5000000-7fe4e5280000 rwxp 00000000 00:00 0 
7fe4e5280000-7fe4f4000000 ---p 00000000 00:00 0 
7fe4f4000000-7fe4f4e3c000 rw-p 00000000 00:00 0 
7fe4f4e3c000-7fe4f8000000 ---p 00000000 00:00 0 
7fe4f8001000-7fe4f8003000 r--s 00007000 08:08 8129693                    /home/clientrace/Programs/jdk1.8.0_111/jre/lib/jfxswt.jar
7fe4f8003000-7fe4f801e000 r--s 00208000 08:08 8129736                    /home/clientrace/Programs/jdk1.8.0_111/jre/lib/deploy.jar
7fe4f801e000-7fe4f8241000 rw-p 00000000 00:00 0 
7fe4f8241000-7fe4f8419000 r--s 03d2a000 08:08 8129620                    /home/clientrace/Programs/jdk1.8.0_111/jre/lib/rt.jar
7fe4f8419000-7fe4f866c000 rw-p 00000000 00:00 0 
7fe4f866c000-7fe4f866d000 ---p 00000000 00:00 0 
7fe4f866d000-7fe4f876d000 rwxp 00000000 00:00 0 
7fe4f876d000-7fe4f876e000 ---p 00000000 00:00 0 
7fe4f876e000-7fe4f886e000 rwxp 00000000 00:00 0 
7fe4f886e000-7fe4f886f000 ---p 00000000 00:00 0 
7fe4f886f000-7fe4f896f000 rwxp 00000000 00:00 0 
7fe4f896f000-7fe4f8970000 ---p 00000000 00:00 0 
7fe4f8970000-7fe4f8a70000 rwxp 00000000 00:00 0 
7fe4f8a70000-7fe4f8a84000 rw-p 00000000 00:00 0 
7fe4f8a84000-7fe4f8bae000 ---p 00000000 00:00 0 
7fe4f8bae000-7fe4f8bc2000 rw-p 00000000 00:00 0 
7fe4f8bc2000-7fe4f8cec000 ---p 00000000 00:00 0 
7fe4f8cec000-7fe4f8cf6000 rw-p 00000000 00:00 0 
7fe4f8cf6000-7fe4f8d8b000 ---p 00000000 00:00 0 
7fe4f8d8b000-7fe4f8d96000 rw-p 00000000 00:00 0 
7fe4f8d96000-7fe4f914c000 ---p 00000000 00:00 0 
7fe4f914c000-7fe4f9166000 r-xp 00000000 08:08 8129651                    /home/clientrace/Programs/jdk1.8.0_111/jre/lib/amd64/libzip.so
7fe4f9166000-7fe4f9366000 ---p 0001a000 08:08 8129651                    /home/clientrace/Programs/jdk1.8.0_111/jre/lib/amd64/libzip.so
7fe4f9366000-7fe4f9367000 rw-p 0001a000 08:08 8129651                    /home/clientrace/Programs/jdk1.8.0_111/jre/lib/amd64/libzip.so
7fe4f9367000-7fe4f9372000 r-xp 00000000 08:08 791210                     /lib/x86_64-linux-gnu/libnss_files-2.23.so
7fe4f9372000-7fe4f9571000 ---p 0000b000 08:08 791210                     /lib/x86_64-linux-gnu/libnss_files-2.23.so
7fe4f9571000-7fe4f9572000 r--p 0000a000 08:08 791210                     /lib/x86_64-linux-gnu/libnss_files-2.23.so
7fe4f9572000-7fe4f9573000 rw-p 0000b000 08:08 791210                     /lib/x86_64-linux-gnu/libnss_files-2.23.so
7fe4f9573000-7fe4f9579000 rw-p 00000000 00:00 0 
7fe4f9579000-7fe4f9584000 r-xp 00000000 08:08 791220                     /lib/x86_64-linux-gnu/libnss_nis-2.23.so
7fe4f9584000-7fe4f9783000 ---p 0000b000 08:08 791220                     /lib/x86_64-linux-gnu/libnss_nis-2.23.so
7fe4f9783000-7fe4f9784000 r--p 0000a000 08:08 791220                     /lib/x86_64-linux-gnu/libnss_nis-2.23.so
7fe4f9784000-7fe4f9785000 rw-p 0000b000 08:08 791220                     /lib/x86_64-linux-gnu/libnss_nis-2.23.so
7fe4f9785000-7fe4f979b000 r-xp 00000000 08:08 791204                     /lib/x86_64-linux-gnu/libnsl-2.23.so
7fe4f979b000-7fe4f999a000 ---p 00016000 08:08 791204                     /lib/x86_64-linux-gnu/libnsl-2.23.so
7fe4f999a000-7fe4f999b000 r--p 00015000 08:08 791204                     /lib/x86_64-linux-gnu/libnsl-2.23.so
7fe4f999b000-7fe4f999c000 rw-p 00016000 08:08 791204                     /lib/x86_64-linux-gnu/libnsl-2.23.so
7fe4f999c000-7fe4f999e000 rw-p 00000000 00:00 0 
7fe4f999e000-7fe4f99a6000 r-xp 00000000 08:08 791206                     /lib/x86_64-linux-gnu/libnss_compat-2.23.so
7fe4f99a6000-7fe4f9ba5000 ---p 00008000 08:08 791206                     /lib/x86_64-linux-gnu/libnss_compat-2.23.so
7fe4f9ba5000-7fe4f9ba6000 r--p 00007000 08:08 791206                     /lib/x86_64-linux-gnu/libnss_compat-2.23.so
7fe4f9ba6000-7fe4f9ba7000 rw-p 00008000 08:08 791206                     /lib/x86_64-linux-gnu/libnss_compat-2.23.so
7fe4f9ba7000-7fe4f9bd2000 r-xp 00000000 08:08 8129678                    /home/clientrace/Programs/jdk1.8.0_111/jre/lib/amd64/libjava.so
7fe4f9bd2000-7fe4f9dd1000 ---p 0002b000 08:08 8129678                    /home/clientrace/Programs/jdk1.8.0_111/jre/lib/amd64/libjava.so
7fe4f9dd1000-7fe4f9dd3000 rw-p 0002a000 08:08 8129678                    /home/clientrace/Programs/jdk1.8.0_111/jre/lib/amd64/libjava.so
7fe4f9dd3000-7fe4f9de0000 r-xp 00000000 08:08 8129629                    /home/clientrace/Programs/jdk1.8.0_111/jre/lib/amd64/libverify.so
7fe4f9de0000-7fe4f9fdf000 ---p 0000d000 08:08 8129629                    /home/clientrace/Programs/jdk1.8.0_111/jre/lib/amd64/libverify.so
7fe4f9fdf000-7fe4f9fe1000 rw-p 0000c000 08:08 8129629                    /home/clientrace/Programs/jdk1.8.0_111/jre/lib/amd64/libverify.so
7fe4f9fe1000-7fe4f9fe8000 r-xp 00000000 08:08 791265                     /lib/x86_64-linux-gnu/librt-2.23.so
7fe4f9fe8000-7fe4fa1e7000 ---p 00007000 08:08 791265                     /lib/x86_64-linux-gnu/librt-2.23.so
7fe4fa1e7000-7fe4fa1e8000 r--p 00006000 08:08 791265                     /lib/x86_64-linux-gnu/librt-2.23.so
7fe4fa1e8000-7fe4fa1e9000 rw-p 00007000 08:08 791265                     /lib/x86_64-linux-gnu/librt-2.23.so
7fe4fa1e9000-7fe4fa2f1000 r-xp 00000000 08:08 791181                     /lib/x86_64-linux-gnu/libm-2.23.so
7fe4fa2f1000-7fe4fa4f0000 ---p 00108000 08:08 791181                     /lib/x86_64-linux-gnu/libm-2.23.so
7fe4fa4f0000-7fe4fa4f1000 r--p 00107000 08:08 791181                     /lib/x86_64-linux-gnu/libm-2.23.so
7fe4fa4f1000-7fe4fa4f2000 rw-p 00108000 08:08 791181                     /lib/x86_64-linux-gnu/libm-2.23.so
7fe4fa4f2000-7fe4fb1bf000 r-xp 00000000 08:08 8129682                    /home/clientrace/Programs/jdk1.8.0_111/jre/lib/amd64/server/libjvm.so
7fe4fb1bf000-7fe4fb3be000 ---p 00ccd000 08:08 8129682                    /home/clientrace/Programs/jdk1.8.0_111/jre/lib/amd64/server/libjvm.so
7fe4fb3be000-7fe4fb497000 rw-p 00ccc000 08:08 8129682                    /home/clientrace/Programs/jdk1.8.0_111/jre/lib/amd64/server/libjvm.so
7fe4fb497000-7fe4fb4e2000 rw-p 00000000 00:00 0 
7fe4fb4e2000-7fe4fb6a2000 r-xp 00000000 08:08 791111                     /lib/x86_64-linux-gnu/libc-2.23.so
7fe4fb6a2000-7fe4fb8a1000 ---p 001c0000 08:08 791111                     /lib/x86_64-linux-gnu/libc-2.23.so
7fe4fb8a1000-7fe4fb8a5000 r--p 001bf000 08:08 791111                     /lib/x86_64-linux-gnu/libc-2.23.so
7fe4fb8a5000-7fe4fb8a7000 rw-p 001c3000 08:08 791111                     /lib/x86_64-linux-gnu/libc-2.23.so
7fe4fb8a7000-7fe4fb8ab000 rw-p 00000000 00:00 0 
7fe4fb8ab000-7fe4fb8ae000 r-xp 00000000 08:08 791135                     /lib/x86_64-linux-gnu/libdl-2.23.so
7fe4fb8ae000-7fe4fbaad000 ---p 00003000 08:08 791135                     /lib/x86_64-linux-gnu/libdl-2.23.so
7fe4fbaad000-7fe4fbaae000 r--p 00002000 08:08 791135                     /lib/x86_64-linux-gnu/libdl-2.23.so
7fe4fbaae000-7fe4fbaaf000 rw-p 00003000 08:08 791135                     /lib/x86_64-linux-gnu/libdl-2.23.so
7fe4fbaaf000-7fe4fbac4000 r-xp 00000000 08:08 8128763                    /home/clientrace/Programs/jdk1.8.0_111/lib/amd64/jli/libjli.so
7fe4fbac4000-7fe4fbcc4000 ---p 00015000 08:08 8128763                    /home/clientrace/Programs/jdk1.8.0_111/lib/amd64/jli/libjli.so
7fe4fbcc4000-7fe4fbcc5000 rw-p 00015000 08:08 8128763                    /home/clientrace/Programs/jdk1.8.0_111/lib/amd64/jli/libjli.so
7fe4fbcc5000-7fe4fbcdd000 r-xp 00000000 08:08 791257                     /lib/x86_64-linux-gnu/libpthread-2.23.so
7fe4fbcdd000-7fe4fbedc000 ---p 00018000 08:08 791257                     /lib/x86_64-linux-gnu/libpthread-2.23.so
7fe4fbedc000-7fe4fbedd000 r--p 00017000 08:08 791257                     /lib/x86_64-linux-gnu/libpthread-2.23.so
7fe4fbedd000-7fe4fbede000 rw-p 00018000 08:08 791257                     /lib/x86_64-linux-gnu/libpthread-2.23.so
7fe4fbede000-7fe4fbee2000 rw-p 00000000 00:00 0 
7fe4fbee2000-7fe4fbf08000 r-xp 00000000 08:08 791083                     /lib/x86_64-linux-gnu/ld-2.23.so
7fe4fbf08000-7fe4fbf0d000 r--s 002f9000 08:08 8129573                    /home/clientrace/Programs/jdk1.8.0_111/jre/lib/charsets.jar
7fe4fbf0d000-7fe4fbfdf000 rw-p 00000000 00:00 0 
7fe4fbfdf000-7fe4fbfe2000 ---p 00000000 00:00 0 
7fe4fbfe2000-7fe4fc0e0000 rwxp 00000000 00:00 0 
7fe4fc0e0000-7fe4fc0e4000 rw-p 00000000 00:00 0 
7fe4fc0e4000-7fe4fc0e5000 r--s 00000000 08:08 8129699                    /home/clientrace/Programs/jdk1.8.0_111/jre/lib/management-agent.jar
7fe4fc0e5000-7fe4fc0e8000 r--s 0001a000 08:08 8129882                    /home/clientrace/Programs/jdk1.8.0_111/jre/lib/jce.jar
7fe4fc0e8000-7fe4fc0fb000 rw-p 00000000 00:00 0 
7fe4fc0fb000-7fe4fc103000 rw-s 00000000 08:08 4209336                    /tmp/hsperfdata_clientrace/6990
7fe4fc103000-7fe4fc104000 rw-p 00000000 00:00 0 
7fe4fc104000-7fe4fc105000 r--p 00000000 00:00 0 
7fe4fc105000-7fe4fc107000 rw-p 00000000 00:00 0 
7fe4fc107000-7fe4fc108000 r--p 00025000 08:08 791083                     /lib/x86_64-linux-gnu/ld-2.23.so
7fe4fc108000-7fe4fc109000 rw-p 00026000 08:08 791083                     /lib/x86_64-linux-gnu/ld-2.23.so
7fe4fc109000-7fe4fc10a000 rw-p 00000000 00:00 0 
7ffcde0b4000-7ffcde0d4000 rwxp 00000000 00:00 0                          [stack]
7ffcde0d4000-7ffcde0d5000 rw-p 00000000 00:00 0 
7ffcde187000-7ffcde189000 r--p 00000000 00:00 0                          [vvar]
7ffcde189000-7ffcde18b000 r-xp 00000000 00:00 0                          [vdso]
ffffffffff600000-ffffffffff601000 r-xp 00000000 00:00 0                  [vsyscall]

VM Arguments:
jvm_args: -Djava.library.path=/home/clientrace/Libraries/opencv-3.1.0/build/lib -Didea.launcher.port=7535 -Didea.launcher.bin.path=/home/clientrace/Programs/idea-IC-162.2228.15/bin -Dfile.encoding=UTF-8 
java_command: com.intellij.rt.execution.application.AppMain main.Main
java_class_path (initial): /home/clientrace/Programs/jdk1.8.0_111/jre/lib/charsets.jar:/home/clientrace/Programs/jdk1.8.0_111/jre/lib/deploy.jar:/home/clientrace/Programs/jdk1.8.0_111/jre/lib/ext/cldrdata.jar:/home/clientrace/Programs/jdk1.8.0_111/jre/lib/ext/dnsns.jar:/home/clientrace/Programs/jdk1.8.0_111/jre/lib/ext/jaccess.jar:/home/clientrace/Programs/jdk1.8.0_111/jre/lib/ext/jfxrt.jar:/home/clientrace/Programs/jdk1.8.0_111/jre/lib/ext/localedata.jar:/home/clientrace/Programs/jdk1.8.0_111/jre/lib/ext/nashorn.jar:/home/clientrace/Programs/jdk1.8.0_111/jre/lib/ext/sunec.jar:/home/clientrace/Programs/jdk1.8.0_111/jre/lib/ext/sunjce_provider.jar:/home/clientrace/Programs/jdk1.8.0_111/jre/lib/ext/sunpkcs11.jar:/home/clientrace/Programs/jdk1.8.0_111/jre/lib/ext/zipfs.jar:/home/clientrace/Programs/jdk1.8.0_111/jre/lib/javaws.jar:/home/clientrace/Programs/jdk1.8.0_111/jre/lib/jce.jar:/home/clientrace/Programs/jdk1.8.0_111/jre/lib/jfr.jar:/home/clientrace/Programs/jdk1.8.0_111/jre/lib/jfxswt.jar:/home/clientrace/Programs/jdk1.8.0_111/jre/lib/jsse.jar:/home/clientrace/Programs/jdk1.8.0_111/jre/lib/management-agent.jar:/home/clientrace/Programs/jdk1.8.0_111/jre/lib/plugin.jar:/home/clientrace/Programs/jdk1.8.0_111/jre/lib/resources.jar:/home/clientrace/Programs/jdk1.8.0_111/jre/lib/rt.jar:/home/clientrace/Dev/MrBeans/out/production/MrBeans:/home/clientrace/Libraries/opencv-3.1.0/build/bin/opencv-310.jar:/home/clientrace/Programs/idea-IC-162.2228.15/lib/idea_rt.jar
Launcher Type: SUN_STANDARD

Environment Variables:
PATH=/usr/local/sbin:/usr/local/bin:/usr/sbin:/usr/bin:/sbin:/bin:/usr/games:/usr/local/games
USERNAME=clientrace
LD_LIBRARY_PATH=/home/clientrace/Programs/idea-IC-162.2228.15/bin:
SHELL=/bin/bash
DISPLAY=:0

Signal Handlers:
SIGSEGV: [libjvm.so+0xac64b0], sa_mask[0]=11111111011111111101111111111110, sa_flags=SA_RESTART|SA_SIGINFO
SIGBUS: [libjvm.so+0xac64b0], sa_mask[0]=11111111011111111101111111111110, sa_flags=SA_RESTART|SA_SIGINFO
SIGFPE: [libjvm.so+0x91f950], sa_mask[0]=11111111011111111101111111111110, sa_flags=SA_RESTART|SA_SIGINFO
SIGPIPE: [libjvm.so+0x91f950], sa_mask[0]=11111111011111111101111111111110, sa_flags=SA_RESTART|SA_SIGINFO
SIGXFSZ: [libjvm.so+0x91f950], sa_mask[0]=11111111011111111101111111111110, sa_flags=SA_RESTART|SA_SIGINFO
SIGILL: [libjvm.so+0x91f950], sa_mask[0]=11111111011111111101111111111110, sa_flags=SA_RESTART|SA_SIGINFO
SIGUSR1: SIG_DFL, sa_mask[0]=00000000000000000000000000000000, sa_flags=none
SIGUSR2: [libjvm.so+0x920f80], sa_mask[0]=00100000000000000000000000000000, sa_flags=SA_RESTART|SA_SIGINFO
SIGHUP: [libjvm.so+0x922380], sa_mask[0]=11111111011111111101111111111110, sa_flags=SA_RESTART|SA_SIGINFO
SIGINT: [libjvm.so+0x922380], sa_mask[0]=11111111011111111101111111111110, sa_flags=SA_RESTART|SA_SIGINFO
SIGTERM: [libjvm.so+0x922380], sa_mask[0]=11111111011111111101111111111110, sa_flags=SA_RESTART|SA_SIGINFO
SIGQUIT: [libjvm.so+0x922380], sa_mask[0]=11111111011111111101111111111110, sa_flags=SA_RESTART|SA_SIGINFO


---------------  S Y S T E M  ---------------

OS:DISTRIB_ID=LinuxMint
DISTRIB_RELEASE=18
DISTRIB_CODENAME=sarah
DISTRIB_DESCRIPTION="Linux Mint 18 Sarah"

uname:Linux 4.4.0-21-generic #37-Ubuntu SMP Mon Apr 18 18:33:37 UTC 2016 x86_64
libc:glibc 2.23 NPTL 2.23 
rlimit: STACK 8192k, CORE 0k, NPROC 14890, NOFILE 65536, AS infinity
load average:0.39 0.44 0.49

/proc/meminfo:
MemTotal:        3902936 kB
MemFree:          840348 kB
MemAvailable:    2083952 kB
Buffers:          147272 kB
Cached:          1125424 kB
SwapCached:           48 kB
Active:          1984756 kB
Inactive:         828088 kB
Active(anon):    1376108 kB
Inactive(anon):   286176 kB
Active(file):     608648 kB
Inactive(file):   541912 kB
Unevictable:           0 kB
Mlocked:               0 kB
SwapTotal:       4050940 kB
SwapFree:        4050876 kB
Dirty:               232 kB
Writeback:             0 kB
AnonPages:       1540132 kB
Mapped:           276980 kB
Shmem:            122140 kB
Slab:             153704 kB
SReclaimable:     122216 kB
SUnreclaim:        31488 kB
KernelStack:        8128 kB
PageTables:        21520 kB
NFS_Unstable:          0 kB
Bounce:                0 kB
WritebackTmp:          0 kB
CommitLimit:     6002408 kB
Committed_AS:    3408908 kB
VmallocTotal:   34359738367 kB
VmallocUsed:           0 kB
VmallocChunk:          0 kB
HardwareCorrupted:     0 kB
AnonHugePages:    989184 kB
CmaTotal:              0 kB
CmaFree:               0 kB
HugePages_Total:       0
HugePages_Free:        0
HugePages_Rsvd:        0
HugePages_Surp:        0
Hugepagesize:       2048 kB
DirectMap4k:      133520 kB
DirectMap2M:     2869248 kB
DirectMap1G:     2097152 kB


CPU:total 4 (2 cores per cpu, 2 threads per core) family 6 model 78 stepping 3, cmov, cx8, fxsr, mmx, sse, sse2, sse3, ssse3, sse4.1, sse4.2, popcnt, avx, avx2, aes, clmul, erms, 3dnowpref, lzcnt, ht, tsc, tscinvbit, bmi1, bmi2, adx

/proc/cpuinfo:
processor	: 0
vendor_id	: GenuineIntel
cpu family	: 6
model		: 78
model name	: Intel(R) Core(TM) i7-6500U CPU @ 2.50GHz
stepping	: 3
microcode	: 0x74
cpu MHz		: 1287.812
cache size	: 4096 KB
physical id	: 0
siblings	: 4
core id		: 0
cpu cores	: 2
apicid		: 0
initial apicid	: 0
fpu		: yes
fpu_exception	: yes
cpuid level	: 22
wp		: yes
flags		: fpu vme de pse tsc msr pae mce cx8 apic sep mtrr pge mca cmov pat pse36 clflush dts acpi mmx fxsr sse sse2 ss ht tm pbe syscall nx pdpe1gb rdtscp lm constant_tsc art arch_perfmon pebs bts rep_good nopl xtopology nonstop_tsc aperfmperf eagerfpu pni pclmulqdq dtes64 monitor ds_cpl vmx est tm2 ssse3 sdbg fma cx16 xtpr pdcm pcid sse4_1 sse4_2 x2apic movbe popcnt tsc_deadline_timer aes xsave avx f16c rdrand lahf_lm abm 3dnowprefetch intel_pt tpr_shadow vnmi flexpriority ept vpid fsgsbase tsc_adjust bmi1 avx2 smep bmi2 erms invpcid mpx rdseed adx smap clflushopt xsaveopt xsavec xgetbv1 dtherm ida arat pln pts hwp hwp_notify hwp_act_window hwp_epp
bugs		:
bogomips	: 5183.88
clflush size	: 64
cache_alignment	: 64
address sizes	: 39 bits physical, 48 bits virtual
power management:

processor	: 1
vendor_id	: GenuineIntel
cpu family	: 6
model		: 78
model name	: Intel(R) Core(TM) i7-6500U CPU @ 2.50GHz
stepping	: 3
microcode	: 0x74
cpu MHz		: 499.992
cache size	: 4096 KB
physical id	: 0
siblings	: 4
core id		: 1
cpu cores	: 2
apicid		: 2
initial apicid	: 2
fpu		: yes
fpu_exception	: yes
cpuid level	: 22
wp		: yes
flags		: fpu vme de pse tsc msr pae mce cx8 apic sep mtrr pge mca cmov pat pse36 clflush dts acpi mmx fxsr sse sse2 ss ht tm pbe syscall nx pdpe1gb rdtscp lm constant_tsc art arch_perfmon pebs bts rep_good nopl xtopology nonstop_tsc aperfmperf eagerfpu pni pclmulqdq dtes64 monitor ds_cpl vmx est tm2 ssse3 sdbg fma cx16 xtpr pdcm pcid sse4_1 sse4_2 x2apic movbe popcnt tsc_deadline_timer aes xsave avx f16c rdrand lahf_lm abm 3dnowprefetch intel_pt tpr_shadow vnmi flexpriority ept vpid fsgsbase tsc_adjust bmi1 avx2 smep bmi2 erms invpcid mpx rdseed adx smap clflushopt xsaveopt xsavec xgetbv1 dtherm ida arat pln pts hwp hwp_notify hwp_act_window hwp_epp
bugs		:
bogomips	: 5183.88
clflush size	: 64
cache_alignment	: 64
address sizes	: 39 bits physical, 48 bits virtual
power management:

processor	: 2
vendor_id	: GenuineIntel
cpu family	: 6
model		: 78
model name	: Intel(R) Core(TM) i7-6500U CPU @ 2.50GHz
stepping	: 3
microcode	: 0x74
cpu MHz		: 1400.648
cache size	: 4096 KB
physical id	: 0
siblings	: 4
core id		: 0
cpu cores	: 2
apicid		: 1
initial apicid	: 1
fpu		: yes
fpu_exception	: yes
cpuid level	: 22
wp		: yes
flags		: fpu vme de pse tsc msr pae mce cx8 apic sep mtrr pge mca cmov pat pse36 clflush dts acpi mmx fxsr sse sse2 ss ht tm pbe syscall nx pdpe1gb rdtscp lm constant_tsc art arch_perfmon pebs bts rep_good nopl xtopology nonstop_tsc aperfmperf eagerfpu pni pclmulqdq dtes64 monitor ds_cpl vmx est tm2 ssse3 sdbg fma cx16 xtpr pdcm pcid sse4_1 sse4_2 x2apic movbe popcnt tsc_deadline_timer aes xsave avx f16c rdrand lahf_lm abm 3dnowprefetch intel_pt tpr_shadow vnmi flexpriority ept vpid fsgsbase tsc_adjust bmi1 avx2 smep bmi2 erms invpcid mpx rdseed adx smap clflushopt xsaveopt xsavec xgetbv1 dtherm ida arat pln pts hwp hwp_notify hwp_act_window hwp_epp
bugs		:
bogomips	: 5183.88
clflush size	: 64
cache_alignment	: 64
address sizes	: 39 bits physical, 48 bits virtual
power management:

processor	: 3
vendor_id	: GenuineIntel
cpu family	: 6
model		: 78
model name	: Intel(R) Core(TM) i7-6500U CPU @ 2.50GHz
stepping	: 3
microcode	: 0x74
cpu MHz		: 879.226
cache size	: 4096 KB
physical id	: 0
siblings	: 4
core id		: 1
cpu cores	: 2
apicid		: 3
initial apicid	: 3
fpu		: yes
fpu_exception	: yes
cpuid level	: 22
wp		: yes
flags		: fpu vme de pse tsc msr pae mce cx8 apic sep mtrr pge mca cmov pat pse36 clflush dts acpi mmx fxsr sse sse2 ss ht tm pbe syscall nx pdpe1gb rdtscp lm constant_tsc art arch_perfmon pebs bts rep_good nopl xtopology nonstop_tsc aperfmperf eagerfpu pni pclmulqdq dtes64 monitor ds_cpl vmx est tm2 ssse3 sdbg fma cx16 xtpr pdcm pcid sse4_1 sse4_2 x2apic movbe popcnt tsc_deadline_timer aes xsave avx f16c rdrand lahf_lm abm 3dnowprefetch intel_pt tpr_shadow vnmi flexpriority ept vpid fsgsbase tsc_adjust bmi1 avx2 smep bmi2 erms invpcid mpx rdseed adx smap clflushopt xsaveopt xsavec xgetbv1 dtherm ida arat pln pts hwp hwp_notify hwp_act_window hwp_epp
bugs		:
bogomips	: 5183.88
clflush size	: 64
cache_alignment	: 64
address sizes	: 39 bits physical, 48 bits virtual
power management:



Memory: 4k page, physical 3902936k(840348k free), swap 4050940k(4050876k free)

vm_info: Java HotSpot(TM) 64-Bit Server VM (25.111-b14) for linux-amd64 JRE (1.8.0_111-b14), built on Sep 22 2016 16:14:03 by "java_re" with gcc 4.3.0 20080428 (Red Hat 4.3.0-8)

time: Sat Nov 26 05:26:24 2016
elapsed time: 4 seconds (0d 0h 0m 4s)

